
ROM used: 152 (0%)
          152 (0%) including unused fragments

          0 Average locations per line
          7 Average locations per statement

RAM used: 7 (0%) at main() level
          7 (0%) worst case

Stack used: 1 worst case (out of 31 total available)

Lines Stmts  %   Files
----- ----- ---  -----
   30    23 100  programa_ricky.c
  451     0   0  ..\..\..\..\Program Files (x86)\PICC\devices\18F4550.h
----- -----
  481    23 Total

Page ROM  %  RAM   Vol Diff  Functions:
---- --- --- ---   --- ----  ----------
0     42  14   1             @delay_ms1
0    106  35   3   547  4.3  main

Program metrics:
    Functions               1
    Statements              23
    Comments                109
    Volume (V)              549
    Difficilty (D)          4.2
    Effort to implement (E) 2310
    Time to implement (T)   2 minutes
    Est Delivered Bugs (B)  0
    Cyclomatic Complexity   3
    Maintainability (MI)    64

 Segment     Used  Free
-----------  ----  ----
00000-00002     4  0  
00004-07FFE   148  32616  



